<?xml version="1.0" encoding="UTF-8"?>
<!-- Generated by org.testng.reporters.JUnitXMLReporter -->
<testsuite hostname="QuynhDuongThu" ignored="0" name="Run on Chrome" tests="2" failures="0" timestamp="12 Jan 2021 03:04:48 GMT" time="20.862" errors="0">
  <testcase name="Login_01_Register_To_System" time="4.407" classname="com.bankguru.login.Login_01_Register_And_Login_Repeat_Yourself"/>
  <testcase name="Login_02_Login_To_System" time="6.736" classname="com.bankguru.login.Login_01_Register_And_Login_Repeat_Yourself"/>
</testsuite> <!-- Run on Chrome -->
