<?xml version="1.0" encoding="UTF-8"?>
<!-- Generated by org.testng.reporters.JUnitXMLReporter -->
<testsuite hostname="QuynhDuongThu" ignored="0" name="Run on FIREFOX UI" tests="7" failures="0" timestamp="19 Jan 2021 08:35:41 GMT" time="82.941" errors="0">
  <testcase name="Edit_Customer_04_Valid_CustomerID" time="16.293" classname="com.bankguru.Edit_Customer"/>
  <testcase name="Edit_Customer_13_Telephone_Can_Not_Be_Empty" time="4.714" classname="com.bankguru.Edit_Customer"/>
  <testcase name="Edit_Customer_14_Telephone_Can_Not_Have_Special_Character" time="1.337" classname="com.bankguru.Edit_Customer"/>
  <testcase name="Edit_Customer_15_Email_Can_Not_Be_Empty" time="1.03" classname="com.bankguru.Edit_Customer"/>
  <testcase name="Edit_Customer_16_Email_Invalid" time="0.788" classname="com.bankguru.Edit_Customer"/>
  <testcase name="Edit_Customer_18_Email_Invalid" time="0.588" classname="com.bankguru.Edit_Customer"/>
  <testcase name="Edit_Customer_19_Email_Invalid" time="0.632" classname="com.bankguru.Edit_Customer"/>
</testsuite> <!-- Run on FIREFOX UI -->
