<?xml version="1.0" encoding="UTF-8"?>
<!-- Generated by org.testng.reporters.JUnitXMLReporter -->
<testsuite hostname="QuynhDuongThu" ignored="0" name="Run on EGDE CHROMIUM" tests="7" failures="0" timestamp="19 Jan 2021 08:33:09 GMT" time="0.037" errors="0">
  <testcase name="@BeforeClass beforeClass" time="0.0" classname="com.bankguru.Edit_Customer">
    <failure type="java.lang.RuntimeException" message="Please input valid browser name!">
      <![CDATA[java.lang.RuntimeException: Please input valid browser name!
at com.bankguru.Edit_Customer.beforeClass(Edit_Customer.java:46)
... Removed 26 stack frames]]>
    </failure>
  </testcase> <!-- @BeforeClass beforeClass -->
  <testcase name="@AfterClass afterClass" time="0.0" classname="com.bankguru.Edit_Customer">
    <skipped/>
  </testcase> <!-- @AfterClass afterClass -->
  <testcase name="Edit_Customer_04_Valid_CustomerID" time="0.0" classname="com.bankguru.Edit_Customer">
    <skipped/>
  </testcase> <!-- Edit_Customer_04_Valid_CustomerID -->
  <testcase name="Edit_Customer_13_Telephone_Can_Not_Be_Empty" time="0.0" classname="com.bankguru.Edit_Customer">
    <skipped/>
  </testcase> <!-- Edit_Customer_13_Telephone_Can_Not_Be_Empty -->
  <testcase name="Edit_Customer_14_Telephone_Can_Not_Have_Special_Character" time="0.0" classname="com.bankguru.Edit_Customer">
    <skipped/>
  </testcase> <!-- Edit_Customer_14_Telephone_Can_Not_Have_Special_Character -->
  <testcase name="Edit_Customer_15_Email_Can_Not_Be_Empty" time="0.0" classname="com.bankguru.Edit_Customer">
    <skipped/>
  </testcase> <!-- Edit_Customer_15_Email_Can_Not_Be_Empty -->
  <testcase name="Edit_Customer_16_Email_Invalid" time="0.0" classname="com.bankguru.Edit_Customer">
    <skipped/>
  </testcase> <!-- Edit_Customer_16_Email_Invalid -->
  <testcase name="Edit_Customer_18_Email_Invalid" time="0.0" classname="com.bankguru.Edit_Customer">
    <skipped/>
  </testcase> <!-- Edit_Customer_18_Email_Invalid -->
  <testcase name="Edit_Customer_19_Email_Invalid" time="0.0" classname="com.bankguru.Edit_Customer">
    <skipped/>
  </testcase> <!-- Edit_Customer_19_Email_Invalid -->
</testsuite> <!-- Run on EGDE CHROMIUM -->
