<?xml version="1.0" encoding="UTF-8"?>
<!-- Generated by org.testng.reporters.JUnitXMLReporter -->
<testsuite hostname="QuynhDuongThu" ignored="0" name="Run on FIREFOX UI" tests="7" failures="0" timestamp="20 Jan 2021 08:19:30 GMT" time="67.774" errors="0">
  <testcase name="Edit_Customer_04_Valid_CustomerID" time="2.754" classname="com.bankguru.Edit_Customer"/>
  <testcase name="Edit_Customer_13_Telephone_Can_Not_Be_Empty" time="1.459" classname="com.bankguru.Edit_Customer"/>
  <testcase name="Edit_Customer_14_Telephone_Can_Not_Have_Special_Character" time="0.685" classname="com.bankguru.Edit_Customer"/>
  <testcase name="Edit_Customer_15_Email_Can_Not_Be_Empty" time="0.785" classname="com.bankguru.Edit_Customer"/>
  <testcase name="Edit_Customer_16_Email_Invalid" time="0.508" classname="com.bankguru.Edit_Customer"/>
  <testcase name="Edit_Customer_18_Email_Invalid" time="0.585" classname="com.bankguru.Edit_Customer"/>
  <testcase name="Edit_Customer_19_Email_Invalid" time="0.609" classname="com.bankguru.Edit_Customer"/>
</testsuite> <!-- Run on FIREFOX UI -->
