<?xml version="1.0" encoding="UTF-8"?>
<testng-results skipped="0" failed="0" ignored="0" total="1" passed="1">
  <reporter-output>
  </reporter-output>
  <suite name="Bank Guru" duration-ms="16295" started-at="2021-01-14T09:15:56Z" finished-at="2021-01-14T09:16:12Z">
    <groups>
    </groups>
    <test name="Run on Chrome" duration-ms="16295" started-at="2021-01-14T09:15:56Z" finished-at="2021-01-14T09:16:12Z">
      <class name="com.bankguru.newcustomer.New_Customer">
        <test-method status="PASS" signature="beforeClass()[pri:0, instance:com.bankguru.newcustomer.New_Customer@6cc4c815]" name="beforeClass" is-config="true" duration-ms="11065" started-at="2021-01-14T09:15:56Z" finished-at="2021-01-14T09:16:07Z">
          <reporter-output>
          </reporter-output>
        </test-method> <!-- beforeClass -->
        <test-method status="PASS" signature="TC_01_Name_Can_Not_Be_Empty()[pri:0, instance:com.bankguru.newcustomer.New_Customer@6cc4c815]" name="TC_01_Name_Can_Not_Be_Empty" duration-ms="5210" started-at="2021-01-14T09:16:07Z" finished-at="2021-01-14T09:16:12Z">
          <reporter-output>
          </reporter-output>
        </test-method> <!-- TC_01_Name_Can_Not_Be_Empty -->
        <test-method status="PASS" signature="afterClass()[pri:0, instance:com.bankguru.newcustomer.New_Customer@6cc4c815]" name="afterClass" is-config="true" duration-ms="0" started-at="2021-01-14T09:16:12Z" finished-at="2021-01-14T09:16:12Z">
          <reporter-output>
          </reporter-output>
        </test-method> <!-- afterClass -->
      </class> <!-- com.bankguru.newcustomer.New_Customer -->
    </test> <!-- Run on Chrome -->
  </suite> <!-- Bank Guru -->
</testng-results>
